Started GET "/" for 127.0.0.1 at 2023-05-10 14:39:18 -0500
Processing by Rails::WelcomeController#index as HTML
  Rendering /Users/Jacob/.rvm/gems/ruby-3.0.0/gems/railties-7.0.4.3/lib/rails/templates/rails/welcome/index.html.erb
  Rendered /Users/Jacob/.rvm/gems/ruby-3.0.0/gems/railties-7.0.4.3/lib/rails/templates/rails/welcome/index.html.erb (Duration: 3.4ms | Allocations: 832)
Completed 200 OK in 20ms (Views: 11.9ms | MongoDB: 0.0ms | Allocations: 4367)


Started GET "/" for 127.0.0.1 at 2023-05-10 15:01:29 -0500
Processing by Rails::WelcomeController#index as HTML
  Rendering /Users/Jacob/.rvm/gems/ruby-3.0.0/gems/railties-7.0.4.3/lib/rails/templates/rails/welcome/index.html.erb
  Rendered /Users/Jacob/.rvm/gems/ruby-3.0.0/gems/railties-7.0.4.3/lib/rails/templates/rails/welcome/index.html.erb (Duration: 1.5ms | Allocations: 454)
Completed 200 OK in 5ms (Views: 2.9ms | MongoDB: 0.0ms | Allocations: 1279)


Started GET "/" for 127.0.0.1 at 2023-05-10 15:02:17 -0500
Processing by Rails::WelcomeController#index as HTML
  Rendering /Users/Jacob/.rvm/gems/ruby-3.0.0/gems/railties-7.0.4.3/lib/rails/templates/rails/welcome/index.html.erb
  Rendered /Users/Jacob/.rvm/gems/ruby-3.0.0/gems/railties-7.0.4.3/lib/rails/templates/rails/welcome/index.html.erb (Duration: 1.1ms | Allocations: 725)
Completed 200 OK in 7ms (Views: 3.8ms | MongoDB: 0.0ms | Allocations: 3488)


Started GET "/property" for 127.0.0.1 at 2023-05-10 15:02:23 -0500
  
ActionController::RoutingError (No route matches [GET] "/property"):
  
Started GET "/properties" for 127.0.0.1 at 2023-05-10 15:02:33 -0500
Processing by PropertiesController#index as HTML
Completed 500 Internal Server Error in 2ms (MongoDB: 0.0ms | Allocations: 872)


  
SyntaxError (/Users/Jacob/Github/home-scope/home_scope/app/models/property.rb:11: syntax error, unexpected ':'
    def self.search(zipcode):
                            ^
):
  
app/models/property.rb:11: syntax error, unexpected ':'
app/models/property.rb:11: syntax error, unexpected ':'
app/models/property.rb:11: syntax error, unexpected ':'
app/controllers/properties_controller.rb:6:in `index'
Started GET "/properties" for 127.0.0.1 at 2023-05-10 15:03:00 -0500
Processing by PropertiesController#index as HTML
  Rendering layout layouts/application.html.erb
  Rendering properties/index.html.erb within layouts/application
MONGODB | Topology type 'unknown' initializing.
MONGODB | Topology type 'Unknown' changed to type 'ReplicaSetNoPrimary'.
MONGODB | Server ac-z3aj5gl-shard-00-00.itkfiuj.mongodb.net:27017 initializing.
MONGODB | Server ac-z3aj5gl-shard-00-01.itkfiuj.mongodb.net:27017 initializing.
MONGODB | Server ac-z3aj5gl-shard-00-02.itkfiuj.mongodb.net:27017 initializing.
MONGODB | Waiting for up to 30.00 seconds for servers to be scanned: #<Cluster topology=ReplicaSetNoPrimary[ac-z3aj5gl-shard-00-00.itkfiuj.mongodb.net:27017,ac-z3aj5gl-shard-00-01.itkfiuj.mongodb.net:27017,ac-z3aj5gl-shard-00-02.itkfiuj.mongodb.net:27017,name=atlas-4j29r5-shard-0] servers=[#<Server address=ac-z3aj5gl-shard-00-00.itkfiuj.mongodb.net:27017 UNKNOWN>,#<Server address=ac-z3aj5gl-shard-00-01.itkfiuj.mongodb.net:27017 UNKNOWN>,#<Server address=ac-z3aj5gl-shard-00-02.itkfiuj.mongodb.net:27017 UNKNOWN>]>
MONGODB | Server description for ac-z3aj5gl-shard-00-02.itkfiuj.mongodb.net:27017 changed from 'unknown' to 'secondary'.
MONGODB | There was a change in the members of the 'ReplicaSetNoPrimary' topology.
MONGODB | Waiting for up to 29.52 seconds for servers to be scanned: #<Cluster topology=ReplicaSetNoPrimary[ac-z3aj5gl-shard-00-00.itkfiuj.mongodb.net:27017,ac-z3aj5gl-shard-00-01.itkfiuj.mongodb.net:27017,ac-z3aj5gl-shard-00-02.itkfiuj.mongodb.net:27017,name=atlas-4j29r5-shard-0] servers=[#<Server address=ac-z3aj5gl-shard-00-00.itkfiuj.mongodb.net:27017 UNKNOWN>,#<Server address=ac-z3aj5gl-shard-00-01.itkfiuj.mongodb.net:27017 UNKNOWN>,#<Server address=ac-z3aj5gl-shard-00-02.itkfiuj.mongodb.net:27017 SECONDARY replica_set=atlas-4j29r5-shard-0 pool=#<ConnectionPool size=0 (0-20) used=0 avail=0 pending=0>>]>
MONGODB | Server description for ac-z3aj5gl-shard-00-00.itkfiuj.mongodb.net:27017 changed from 'unknown' to 'secondary'.
MONGODB | There was a change in the members of the 'ReplicaSetNoPrimary' topology.
MONGODB | Waiting for up to 29.51 seconds for servers to be scanned: #<Cluster topology=ReplicaSetNoPrimary[ac-z3aj5gl-shard-00-00.itkfiuj.mongodb.net:27017,ac-z3aj5gl-shard-00-01.itkfiuj.mongodb.net:27017,ac-z3aj5gl-shard-00-02.itkfiuj.mongodb.net:27017,name=atlas-4j29r5-shard-0] servers=[#<Server address=ac-z3aj5gl-shard-00-00.itkfiuj.mongodb.net:27017 SECONDARY replica_set=atlas-4j29r5-shard-0 pool=#<ConnectionPool size=0 (0-20) used=0 avail=0 pending=0>>,#<Server address=ac-z3aj5gl-shard-00-01.itkfiuj.mongodb.net:27017 UNKNOWN>,#<Server address=ac-z3aj5gl-shard-00-02.itkfiuj.mongodb.net:27017 SECONDARY replica_set=atlas-4j29r5-shard-0 pool=#<ConnectionPool size=0 (0-20) used=0 avail=0 pending=0>>]>
MONGODB | Server description for ac-z3aj5gl-shard-00-01.itkfiuj.mongodb.net:27017 changed from 'unknown' to 'primary'.
MONGODB | Topology type 'ReplicaSetNoPrimary' changed to type 'ReplicaSetWithPrimary'.
The criteria cache has been deprecated and will be removed in Mongoid 8. Please enable the Mongoid QueryCache to have caching functionality.
MONGODB | Server description for ac-z3aj5gl-shard-00-01.itkfiuj.mongodb.net:27017 changed from 'primary' to 'primary'.
MONGODB | There was a change in the members of the 'ReplicaSetWithPrimary' topology.
MONGODB | ac-z3aj5gl-shard-00-01.itkfiuj.mongodb.net:27017 req:10 conn:1:1 sconn:15825 | admin.saslStart | STARTED | {}
MONGODB | ac-z3aj5gl-shard-00-01.itkfiuj.mongodb.net:27017 req:10 | admin.saslStart | SUCCEEDED | 0.043s
MONGODB | ac-z3aj5gl-shard-00-01.itkfiuj.mongodb.net:27017 req:11 conn:1:1 sconn:15825 | admin.saslContinue | STARTED | {}
MONGODB | ac-z3aj5gl-shard-00-01.itkfiuj.mongodb.net:27017 req:11 | admin.saslContinue | SUCCEEDED | 0.045s
MONGODB | ac-z3aj5gl-shard-00-01.itkfiuj.mongodb.net:27017 req:12 conn:1:1 sconn:15825 | admin.find | STARTED | {"find"=>"properties", "filter"=>{}, "$db"=>"admin", "lsid"=>{"id"=><BSON::Binary:0x15240 type=uuid data=0xcce234340d744684...>}}
MONGODB | ac-z3aj5gl-shard-00-01.itkfiuj.mongodb.net:27017 req:12 | admin.find | FAILED | [8000:AtlasError]: (Unauthorized) not authorized on admin to execute command { find: "properties", $db: "admin", filter: {  }, lsid: { id: {4 [204 226 52 52 13 116 70 132 180 178 111 47 236 22 108 191]} } } | 0.0419980000006035s
  Rendered properties/index.html.erb within layouts/application (Duration: 953.6ms | Allocations: 33265)
  Rendered layout layouts/application.html.erb (Duration: 953.9ms | Allocations: 33338)
Completed 500 Internal Server Error in 975ms (MongoDB: 0.1ms | Allocations: 65167)


  
ActionView::Template::Error ([8000:AtlasError]: (Unauthorized) not authorized on admin to execute command { find: "properties", $db: "admin", filter: {  }, lsid: { id: {4 [204 226 52 52 13 116 70 132 180 178 111 47 236 22 108 191]} } } (on ac-z3aj5gl-shard-00-01.itkfiuj.mongodb.net:27017, modern retry, attempt 1)):
    14:     </tr>
    15:   </thead>
    16:   <tbody>
    17:     <% @properties.each do |property| %>
    18:       <tr>
    19:         <td><%= property.name %></td>
    20:         <td><%= property.address %></td>
  
app/views/properties/index.html.erb:17
MONGODB | Server description for ac-z3aj5gl-shard-00-02.itkfiuj.mongodb.net:27017 changed from 'secondary' to 'secondary'.
MONGODB | There was a change in the members of the 'ReplicaSetWithPrimary' topology.
MONGODB | Server description for ac-z3aj5gl-shard-00-00.itkfiuj.mongodb.net:27017 changed from 'secondary' to 'secondary'.
MONGODB | There was a change in the members of the 'ReplicaSetWithPrimary' topology.
MONGODB | Server description for ac-z3aj5gl-shard-00-01.itkfiuj.mongodb.net:27017 changed from 'primary' to 'primary'.
MONGODB | There was a change in the members of the 'ReplicaSetWithPrimary' topology.
Started GET "/properties" for 127.0.0.1 at 2023-05-10 15:06:10 -0500
Processing by PropertiesController#index as HTML
  Rendering layout layouts/application.html.erb
  Rendering properties/index.html.erb within layouts/application
MONGODB | ac-z3aj5gl-shard-00-01.itkfiuj.mongodb.net:27017 req:67 conn:1:1 sconn:15825 | admin.find | STARTED | {"find"=>"properties", "filter"=>{}, "$db"=>"admin", "lsid"=>{"id"=><BSON::Binary:0x17820 type=uuid data=0xf40aeffb916b468d...>}}
MONGODB | ac-z3aj5gl-shard-00-01.itkfiuj.mongodb.net:27017 req:67 | admin.find | FAILED | [8000:AtlasError]: (Unauthorized) not authorized on admin to execute command { find: "properties", $db: "admin", filter: {  }, lsid: { id: {4 [244 10 239 251 145 107 70 141 148 142 44 144 48 172 24 70]} } } | 0.0435620000353083s
  Rendered properties/index.html.erb within layouts/application (Duration: 47.1ms | Allocations: 3163)
  Rendered layout layouts/application.html.erb (Duration: 47.4ms | Allocations: 3234)
Completed 500 Internal Server Error in 49ms (MongoDB: 0.0ms | Allocations: 3530)


  
ActionView::Template::Error ([8000:AtlasError]: (Unauthorized) not authorized on admin to execute command { find: "properties", $db: "admin", filter: {  }, lsid: { id: {4 [244 10 239 251 145 107 70 141 148 142 44 144 48 172 24 70]} } } (on ac-z3aj5gl-shard-00-01.itkfiuj.mongodb.net:27017, modern retry, attempt 1)):
    14:     </tr>
    15:   </thead>
    16:   <tbody>
    17:     <% @properties.each do |property| %>
    18:       <tr>
    19:         <td><%= property.name %></td>
    20:         <td><%= property.address %></td>
  
app/views/properties/index.html.erb:17
Started GET "/properties" for 127.0.0.1 at 2023-05-10 15:06:49 -0500
Processing by PropertiesController#index as HTML
  Rendering layout layouts/application.html.erb
  Rendering properties/index.html.erb within layouts/application
MONGODB | ac-z3aj5gl-shard-00-01.itkfiuj.mongodb.net:27017 req:80 conn:1:1 sconn:15825 | admin.find | STARTED | {"find"=>"properties", "filter"=>{}, "$db"=>"admin", "lsid"=>{"id"=><BSON::Binary:0x18660 type=uuid data=0xcb18da567c404a9d...>}}
MONGODB | ac-z3aj5gl-shard-00-01.itkfiuj.mongodb.net:27017 req:80 | admin.find | FAILED | [8000:AtlasError]: (Unauthorized) not authorized on admin to execute command { find: "properties", $db: "admin", filter: {  }, lsid: { id: {4 [203 24 218 86 124 64 74 157 150 135 56 43 39 14 88 19]} } } | 0.04198599990922958s
  Rendered properties/index.html.erb within layouts/application (Duration: 45.7ms | Allocations: 3159)
  Rendered layout layouts/application.html.erb (Duration: 45.9ms | Allocations: 3230)
Completed 500 Internal Server Error in 47ms (MongoDB: 0.0ms | Allocations: 3526)


  
ActionView::Template::Error ([8000:AtlasError]: (Unauthorized) not authorized on admin to execute command { find: "properties", $db: "admin", filter: {  }, lsid: { id: {4 [203 24 218 86 124 64 74 157 150 135 56 43 39 14 88 19]} } } (on ac-z3aj5gl-shard-00-01.itkfiuj.mongodb.net:27017, modern retry, attempt 1)):
    14:     </tr>
    15:   </thead>
    16:   <tbody>
    17:     <% @properties.each do |property| %>
    18:       <tr>
    19:         <td><%= property.name %></td>
    20:         <td><%= property.address %></td>
  
app/views/properties/index.html.erb:17
Started GET "/properties" for 127.0.0.1 at 2023-05-10 15:07:27 -0500
Processing by PropertiesController#index as HTML
  Rendering layout layouts/application.html.erb
  Rendering properties/index.html.erb within layouts/application
MONGODB | Topology type 'unknown' initializing.
MONGODB | Topology type 'Unknown' changed to type 'ReplicaSetNoPrimary'.
MONGODB | Server ac-z3aj5gl-shard-00-00.itkfiuj.mongodb.net:27017 initializing.
MONGODB | Server ac-z3aj5gl-shard-00-01.itkfiuj.mongodb.net:27017 initializing.
MONGODB | Server ac-z3aj5gl-shard-00-02.itkfiuj.mongodb.net:27017 initializing.
MONGODB | Waiting for up to 30.00 seconds for servers to be scanned: #<Cluster topology=ReplicaSetNoPrimary[ac-z3aj5gl-shard-00-00.itkfiuj.mongodb.net:27017,ac-z3aj5gl-shard-00-01.itkfiuj.mongodb.net:27017,ac-z3aj5gl-shard-00-02.itkfiuj.mongodb.net:27017,name=atlas-4j29r5-shard-0] servers=[#<Server address=ac-z3aj5gl-shard-00-00.itkfiuj.mongodb.net:27017 UNKNOWN>,#<Server address=ac-z3aj5gl-shard-00-01.itkfiuj.mongodb.net:27017 UNKNOWN>,#<Server address=ac-z3aj5gl-shard-00-02.itkfiuj.mongodb.net:27017 UNKNOWN>]>
MONGODB | Server description for ac-z3aj5gl-shard-00-01.itkfiuj.mongodb.net:27017 changed from 'unknown' to 'primary'.
MONGODB | Topology type 'ReplicaSetNoPrimary' changed to type 'ReplicaSetWithPrimary'.
MONGODB | Waiting for up to 29.57 seconds for servers to be scanned: #<Cluster topology=ReplicaSetWithPrimary[ac-z3aj5gl-shard-00-00.itkfiuj.mongodb.net:27017,ac-z3aj5gl-shard-00-01.itkfiuj.mongodb.net:27017,ac-z3aj5gl-shard-00-02.itkfiuj.mongodb.net:27017,name=atlas-4j29r5-shard-0,v=3,e=7fffffff000000000000007a] servers=[#<Server address=ac-z3aj5gl-shard-00-00.itkfiuj.mongodb.net:27017 UNKNOWN>,#<Server address=ac-z3aj5gl-shard-00-01.itkfiuj.mongodb.net:27017 PRIMARY replica_set=atlas-4j29r5-shard-0 pool=#<ConnectionPool size=0 (0-20) used=0 avail=0 pending=0>>,#<Server address=ac-z3aj5gl-shard-00-02.itkfiuj.mongodb.net:27017 UNKNOWN>]>
MONGODB | Server description for ac-z3aj5gl-shard-00-02.itkfiuj.mongodb.net:27017 changed from 'unknown' to 'secondary'.
MONGODB | There was a change in the members of the 'ReplicaSetWithPrimary' topology.
MONGODB | Waiting for up to 29.57 seconds for servers to be scanned: #<Cluster topology=ReplicaSetWithPrimary[ac-z3aj5gl-shard-00-00.itkfiuj.mongodb.net:27017,ac-z3aj5gl-shard-00-01.itkfiuj.mongodb.net:27017,ac-z3aj5gl-shard-00-02.itkfiuj.mongodb.net:27017,name=atlas-4j29r5-shard-0,v=3,e=7fffffff000000000000007a] servers=[#<Server address=ac-z3aj5gl-shard-00-00.itkfiuj.mongodb.net:27017 UNKNOWN>,#<Server address=ac-z3aj5gl-shard-00-01.itkfiuj.mongodb.net:27017 PRIMARY replica_set=atlas-4j29r5-shard-0 pool=#<ConnectionPool size=0 (0-20) used=0 avail=0 pending=0>>,#<Server address=ac-z3aj5gl-shard-00-02.itkfiuj.mongodb.net:27017 SECONDARY replica_set=atlas-4j29r5-shard-0 pool=#<ConnectionPool size=0 (0-20) used=0 avail=0 pending=0>>]>
MONGODB | Server description for ac-z3aj5gl-shard-00-00.itkfiuj.mongodb.net:27017 changed from 'unknown' to 'secondary'.
MONGODB | There was a change in the members of the 'ReplicaSetWithPrimary' topology.
The criteria cache has been deprecated and will be removed in Mongoid 8. Please enable the Mongoid QueryCache to have caching functionality.
MONGODB | Server description for ac-z3aj5gl-shard-00-01.itkfiuj.mongodb.net:27017 changed from 'primary' to 'primary'.
MONGODB | There was a change in the members of the 'ReplicaSetWithPrimary' topology.
MONGODB | ac-z3aj5gl-shard-00-01.itkfiuj.mongodb.net:27017 req:10 conn:1:1 sconn:16054 | admin.saslStart | STARTED | {}
MONGODB | ac-z3aj5gl-shard-00-01.itkfiuj.mongodb.net:27017 req:10 | admin.saslStart | SUCCEEDED | 0.049s
MONGODB | ac-z3aj5gl-shard-00-01.itkfiuj.mongodb.net:27017 req:11 conn:1:1 sconn:16054 | admin.saslContinue | STARTED | {}
MONGODB | ac-z3aj5gl-shard-00-01.itkfiuj.mongodb.net:27017 req:11 | admin.saslContinue | SUCCEEDED | 0.044s
MONGODB | ac-z3aj5gl-shard-00-01.itkfiuj.mongodb.net:27017 req:12 conn:1:1 sconn:16054 | admin.find | STARTED | {"find"=>"properties", "filter"=>{}, "$db"=>"admin", "lsid"=>{"id"=><BSON::Binary:0x12840 type=uuid data=0x8b930956aaf1498a...>}}
MONGODB | ac-z3aj5gl-shard-00-01.itkfiuj.mongodb.net:27017 req:12 | admin.find | FAILED | [8000:AtlasError]: (Unauthorized) not authorized on admin to execute command { find: "properties", $db: "admin", filter: {  }, lsid: { id: {4 [139 147 9 86 170 241 73 138 162 60 46 99 221 113 62 118]} } } | 0.03962900000624359s
  Rendered properties/index.html.erb within layouts/application (Duration: 875.5ms | Allocations: 29419)
  Rendered layout layouts/application.html.erb (Duration: 875.9ms | Allocations: 29508)
Completed 500 Internal Server Error in 897ms (MongoDB: 0.1ms | Allocations: 63218)


  
ActionView::Template::Error ([8000:AtlasError]: (Unauthorized) not authorized on admin to execute command { find: "properties", $db: "admin", filter: {  }, lsid: { id: {4 [139 147 9 86 170 241 73 138 162 60 46 99 221 113 62 118]} } } (on ac-z3aj5gl-shard-00-01.itkfiuj.mongodb.net:27017, modern retry, attempt 1)):
    14:     </tr>
    15:   </thead>
    16:   <tbody>
    17:     <% @properties.each do |property| %>
    18:       <tr>
    19:         <td><%= property.name %></td>
    20:         <td><%= property.address %></td>
  
app/views/properties/index.html.erb:17
MONGODB | Server description for ac-z3aj5gl-shard-00-01.itkfiuj.mongodb.net:27017 changed from 'primary' to 'primary'.
MONGODB | There was a change in the members of the 'ReplicaSetWithPrimary' topology.
MONGODB | Server description for ac-z3aj5gl-shard-00-02.itkfiuj.mongodb.net:27017 changed from 'secondary' to 'secondary'.
MONGODB | There was a change in the members of the 'ReplicaSetWithPrimary' topology.
MONGODB | Server description for ac-z3aj5gl-shard-00-00.itkfiuj.mongodb.net:27017 changed from 'secondary' to 'secondary'.
MONGODB | There was a change in the members of the 'ReplicaSetWithPrimary' topology.
Started GET "/properties" for 127.0.0.1 at 2023-05-10 15:08:42 -0500
Processing by PropertiesController#index as HTML
  Rendering layout layouts/application.html.erb
  Rendering properties/index.html.erb within layouts/application
MONGODB | ac-z3aj5gl-shard-00-01.itkfiuj.mongodb.net:27017 req:34 conn:1:1 sconn:16054 | admin.find | STARTED | {"find"=>"properties", "filter"=>{}, "$db"=>"admin", "lsid"=>{"id"=><BSON::Binary:0x14080 type=uuid data=0x298304bbd3784a28...>}}
MONGODB | ac-z3aj5gl-shard-00-01.itkfiuj.mongodb.net:27017 req:34 | admin.find | FAILED | [8000:AtlasError]: (Unauthorized) not authorized on admin to execute command { find: "properties", $db: "admin", filter: {  }, lsid: { id: {4 [41 131 4 187 211 120 74 40 179 84 188 62 212 102 108 2]} } } | 0.04646300000604242s
  Rendered properties/index.html.erb within layouts/application (Duration: 49.2ms | Allocations: 3166)
  Rendered layout layouts/application.html.erb (Duration: 49.4ms | Allocations: 3238)
Completed 500 Internal Server Error in 50ms (MongoDB: 0.0ms | Allocations: 3538)


  
ActionView::Template::Error ([8000:AtlasError]: (Unauthorized) not authorized on admin to execute command { find: "properties", $db: "admin", filter: {  }, lsid: { id: {4 [41 131 4 187 211 120 74 40 179 84 188 62 212 102 108 2]} } } (on ac-z3aj5gl-shard-00-01.itkfiuj.mongodb.net:27017, modern retry, attempt 1)):
    14:     </tr>
    15:   </thead>
    16:   <tbody>
    17:     <% @properties.each do |property| %>
    18:       <tr>
    19:         <td><%= property.name %></td>
    20:         <td><%= property.address %></td>
  
app/views/properties/index.html.erb:17
Started GET "/properties" for 127.0.0.1 at 2023-05-10 15:13:48 -0500
Processing by PropertiesController#index as HTML
  Rendering layout layouts/application.html.erb
  Rendering properties/index.html.erb within layouts/application
MONGODB | ac-z3aj5gl-shard-00-01.itkfiuj.mongodb.net:27017 req:125 conn:1:1 sconn:16054 | admin.find | STARTED | {"find"=>"properties", "filter"=>{}, "$db"=>"admin", "lsid"=>{"id"=><BSON::Binary:0x18140 type=uuid data=0x990c692ac1f54162...>}}
MONGODB | ac-z3aj5gl-shard-00-01.itkfiuj.mongodb.net:27017 req:125 | admin.find | FAILED | [8000:AtlasError]: (Unauthorized) not authorized on admin to execute command { find: "properties", $db: "admin", filter: {  }, lsid: { id: {4 [153 12 105 42 193 245 65 98 150 165 154 35 210 6 244 68]} } } | 0.04527200001757592s
  Rendered properties/index.html.erb within layouts/application (Duration: 49.2ms | Allocations: 3160)
  Rendered layout layouts/application.html.erb (Duration: 49.4ms | Allocations: 3232)
Completed 500 Internal Server Error in 51ms (MongoDB: 0.0ms | Allocations: 3531)


  
ActionView::Template::Error ([8000:AtlasError]: (Unauthorized) not authorized on admin to execute command { find: "properties", $db: "admin", filter: {  }, lsid: { id: {4 [153 12 105 42 193 245 65 98 150 165 154 35 210 6 244 68]} } } (on ac-z3aj5gl-shard-00-01.itkfiuj.mongodb.net:27017, modern retry, attempt 1)):
    14:     </tr>
    15:   </thead>
    16:   <tbody>
    17:     <% @properties.each do |property| %>
    18:       <tr>
    19:         <td><%= property.name %></td>
    20:         <td><%= property.address %></td>
  
app/views/properties/index.html.erb:17
Started GET "/properties" for 127.0.0.1 at 2023-05-10 15:13:52 -0500
Processing by PropertiesController#index as HTML
  Rendering layout layouts/application.html.erb
  Rendering properties/index.html.erb within layouts/application
MONGODB | ac-z3aj5gl-shard-00-01.itkfiuj.mongodb.net:27017 req:129 conn:1:1 sconn:16054 | admin.find | STARTED | {"find"=>"properties", "filter"=>{}, "$db"=>"admin", "lsid"=>{"id"=><BSON::Binary:0x18600 type=uuid data=0xe629d9911b50450a...>}}
MONGODB | ac-z3aj5gl-shard-00-01.itkfiuj.mongodb.net:27017 req:129 | admin.find | FAILED | [8000:AtlasError]: (Unauthorized) not authorized on admin to execute command { find: "properties", $db: "admin", filter: {  }, lsid: { id: {4 [230 41 217 145 27 80 69 10 134 237 247 127 61 63 22 168]} } } | 0.051490999991074204s
  Rendered properties/index.html.erb within layouts/application (Duration: 55.3ms | Allocations: 3160)
  Rendered layout layouts/application.html.erb (Duration: 55.7ms | Allocations: 3232)
Completed 500 Internal Server Error in 57ms (MongoDB: 0.1ms | Allocations: 3531)


  
ActionView::Template::Error ([8000:AtlasError]: (Unauthorized) not authorized on admin to execute command { find: "properties", $db: "admin", filter: {  }, lsid: { id: {4 [230 41 217 145 27 80 69 10 134 237 247 127 61 63 22 168]} } } (on ac-z3aj5gl-shard-00-01.itkfiuj.mongodb.net:27017, modern retry, attempt 1)):
    14:     </tr>
    15:   </thead>
    16:   <tbody>
    17:     <% @properties.each do |property| %>
    18:       <tr>
    19:         <td><%= property.name %></td>
    20:         <td><%= property.address %></td>
  
app/views/properties/index.html.erb:17
Started GET "/properties" for 127.0.0.1 at 2023-05-10 15:15:23 -0500
Processing by PropertiesController#index as HTML
  Rendering layout layouts/application.html.erb
  Rendering properties/index.html.erb within layouts/application
MONGODB | ac-z3aj5gl-shard-00-01.itkfiuj.mongodb.net:27017 req:157 conn:1:1 sconn:16054 | admin.find | STARTED | {"find"=>"properties", "filter"=>{}, "$db"=>"admin", "lsid"=>{"id"=><BSON::Binary:0x20060 type=uuid data=0x5f1da193ab024fe7...>}}
MONGODB | ac-z3aj5gl-shard-00-01.itkfiuj.mongodb.net:27017 req:157 | admin.find | FAILED | [8000:AtlasError]: (Unauthorized) not authorized on admin to execute command { find: "properties", $db: "admin", filter: {  }, lsid: { id: {4 [95 29 161 147 171 2 79 231 157 113 221 220 15 189 177 14]} } } | 0.043735999963246286s
  Rendered properties/index.html.erb within layouts/application (Duration: 48.9ms | Allocations: 3160)
  Rendered layout layouts/application.html.erb (Duration: 49.2ms | Allocations: 3232)
Completed 500 Internal Server Error in 50ms (MongoDB: 0.0ms | Allocations: 3531)


  
ActionView::Template::Error ([8000:AtlasError]: (Unauthorized) not authorized on admin to execute command { find: "properties", $db: "admin", filter: {  }, lsid: { id: {4 [95 29 161 147 171 2 79 231 157 113 221 220 15 189 177 14]} } } (on ac-z3aj5gl-shard-00-01.itkfiuj.mongodb.net:27017, modern retry, attempt 1)):
    14:     </tr>
    15:   </thead>
    16:   <tbody>
    17:     <% @properties.each do |property| %>
    18:       <tr>
    19:         <td><%= property.name %></td>
    20:         <td><%= property.address %></td>
  
app/views/properties/index.html.erb:17
Started GET "/properties" for 127.0.0.1 at 2023-05-10 15:15:37 -0500
Processing by PropertiesController#index as HTML
  Rendering layout layouts/application.html.erb
  Rendering properties/index.html.erb within layouts/application
MONGODB | Topology type 'unknown' initializing.
MONGODB | Topology type 'Unknown' changed to type 'ReplicaSetNoPrimary'.
MONGODB | Server ac-z3aj5gl-shard-00-00.itkfiuj.mongodb.net:27017 initializing.
MONGODB | Server ac-z3aj5gl-shard-00-01.itkfiuj.mongodb.net:27017 initializing.
MONGODB | Server ac-z3aj5gl-shard-00-02.itkfiuj.mongodb.net:27017 initializing.
MONGODB | Waiting for up to 30.00 seconds for servers to be scanned: #<Cluster topology=ReplicaSetNoPrimary[ac-z3aj5gl-shard-00-00.itkfiuj.mongodb.net:27017,ac-z3aj5gl-shard-00-01.itkfiuj.mongodb.net:27017,ac-z3aj5gl-shard-00-02.itkfiuj.mongodb.net:27017,name=atlas-4j29r5-shard-0] servers=[#<Server address=ac-z3aj5gl-shard-00-00.itkfiuj.mongodb.net:27017 UNKNOWN>,#<Server address=ac-z3aj5gl-shard-00-01.itkfiuj.mongodb.net:27017 UNKNOWN>,#<Server address=ac-z3aj5gl-shard-00-02.itkfiuj.mongodb.net:27017 UNKNOWN>]>
MONGODB | Server description for ac-z3aj5gl-shard-00-01.itkfiuj.mongodb.net:27017 changed from 'unknown' to 'primary'.
MONGODB | Topology type 'ReplicaSetNoPrimary' changed to type 'ReplicaSetWithPrimary'.
MONGODB | Waiting for up to 29.54 seconds for servers to be scanned: #<Cluster topology=ReplicaSetWithPrimary[ac-z3aj5gl-shard-00-00.itkfiuj.mongodb.net:27017,ac-z3aj5gl-shard-00-01.itkfiuj.mongodb.net:27017,ac-z3aj5gl-shard-00-02.itkfiuj.mongodb.net:27017,name=atlas-4j29r5-shard-0,v=3,e=7fffffff000000000000007a] servers=[#<Server address=ac-z3aj5gl-shard-00-00.itkfiuj.mongodb.net:27017 UNKNOWN>,#<Server address=ac-z3aj5gl-shard-00-01.itkfiuj.mongodb.net:27017 PRIMARY replica_set=atlas-4j29r5-shard-0 pool=#<ConnectionPool size=0 (0-20) used=0 avail=0 pending=0>>,#<Server address=ac-z3aj5gl-shard-00-02.itkfiuj.mongodb.net:27017 UNKNOWN>]>
MONGODB | Server description for ac-z3aj5gl-shard-00-00.itkfiuj.mongodb.net:27017 changed from 'unknown' to 'secondary'.
MONGODB | There was a change in the members of the 'ReplicaSetWithPrimary' topology.
MONGODB | Server description for ac-z3aj5gl-shard-00-02.itkfiuj.mongodb.net:27017 changed from 'unknown' to 'secondary'.
MONGODB | There was a change in the members of the 'ReplicaSetWithPrimary' topology.
The criteria cache has been deprecated and will be removed in Mongoid 8. Please enable the Mongoid QueryCache to have caching functionality.
MONGODB | Server description for ac-z3aj5gl-shard-00-01.itkfiuj.mongodb.net:27017 changed from 'primary' to 'primary'.
MONGODB | There was a change in the members of the 'ReplicaSetWithPrimary' topology.
MONGODB | ac-z3aj5gl-shard-00-01.itkfiuj.mongodb.net:27017 req:10 conn:1:1 sconn:16442 | admin.saslStart | STARTED | {}
MONGODB | ac-z3aj5gl-shard-00-01.itkfiuj.mongodb.net:27017 req:10 | admin.saslStart | SUCCEEDED | 0.044s
MONGODB | ac-z3aj5gl-shard-00-01.itkfiuj.mongodb.net:27017 req:11 conn:1:1 sconn:16442 | admin.saslContinue | STARTED | {}
MONGODB | ac-z3aj5gl-shard-00-01.itkfiuj.mongodb.net:27017 req:11 | admin.saslContinue | SUCCEEDED | 0.046s
MONGODB | ac-z3aj5gl-shard-00-01.itkfiuj.mongodb.net:27017 req:12 conn:1:1 sconn:16442 | main.find | STARTED | {"find"=>"properties", "filter"=>{}, "$db"=>"main", "lsid"=>{"id"=><BSON::Binary:0x12840 type=uuid data=0xce34a6e610264240...>}}
MONGODB | ac-z3aj5gl-shard-00-01.itkfiuj.mongodb.net:27017 req:12 | main.find | SUCCEEDED | 0.053s
  Rendered properties/index.html.erb within layouts/application (Duration: 1017.9ms | Allocations: 28063)
  Rendered layout layouts/application.html.erb (Duration: 1740.3ms | Allocations: 99834)
Completed 200 OK in 1768ms (Views: 1743.9ms | MongoDB: 0.1ms | Allocations: 133595)


MONGODB | Server description for ac-z3aj5gl-shard-00-01.itkfiuj.mongodb.net:27017 changed from 'primary' to 'primary'.
MONGODB | There was a change in the members of the 'ReplicaSetWithPrimary' topology.
MONGODB | Server description for ac-z3aj5gl-shard-00-00.itkfiuj.mongodb.net:27017 changed from 'secondary' to 'secondary'.
MONGODB | There was a change in the members of the 'ReplicaSetWithPrimary' topology.
MONGODB | Server description for ac-z3aj5gl-shard-00-02.itkfiuj.mongodb.net:27017 changed from 'secondary' to 'secondary'.
MONGODB | There was a change in the members of the 'ReplicaSetWithPrimary' topology.
Started GET "/properties?search=00000&commit=Search" for 127.0.0.1 at 2023-05-10 15:16:12 -0500
Processing by PropertiesController#index as HTML
  Parameters: {"search"=>"00000", "commit"=>"Search"}
  Rendering layout layouts/application.html.erb
  Rendering properties/index.html.erb within layouts/application
MONGODB | ac-z3aj5gl-shard-00-01.itkfiuj.mongodb.net:27017 req:22 conn:1:1 sconn:16442 | main.find | STARTED | {"find"=>"properties", "filter"=>{"zipcode"=>"00000"}, "$db"=>"main", "$clusterTime"=>{"clusterTime"=>#<BSON::Timestamp:0x00007fc7677a5ae0 @seconds=1683749738, @increment=6>, "signature"=>{"hash"=><BSON::Binary:0x13660 type=generic data=0xfd5340aa6722...
MONGODB | ac-z3aj5gl-shard-00-01.itkfiuj.mongodb.net:27017 req:22 | main.find | SUCCEEDED | 0.050s
  Rendered properties/index.html.erb within layouts/application (Duration: 53.9ms | Allocations: 2671)
  Rendered layout layouts/application.html.erb (Duration: 64.7ms | Allocations: 5098)
Completed 200 OK in 66ms (Views: 65.2ms | MongoDB: 0.0ms | Allocations: 5493)


Started GET "/properties?search=00000&commit=Search" for 127.0.0.1 at 2023-05-10 15:16:16 -0500
Processing by PropertiesController#index as HTML
  Parameters: {"search"=>"00000", "commit"=>"Search"}
  Rendering layout layouts/application.html.erb
  Rendering properties/index.html.erb within layouts/application
MONGODB | ac-z3aj5gl-shard-00-01.itkfiuj.mongodb.net:27017 req:23 conn:1:1 sconn:16442 | main.find | STARTED | {"find"=>"properties", "filter"=>{"zipcode"=>"00000"}, "$db"=>"main", "$clusterTime"=>{"clusterTime"=>#<BSON::Timestamp:0x00007fc76a6cf988 @seconds=1683749772, @increment=7>, "signature"=>{"hash"=><BSON::Binary:0x13740 type=generic data=0x751b220bc269...
MONGODB | ac-z3aj5gl-shard-00-01.itkfiuj.mongodb.net:27017 req:23 | main.find | SUCCEEDED | 0.051s
  Rendered properties/index.html.erb within layouts/application (Duration: 54.0ms | Allocations: 2655)
  Rendered layout layouts/application.html.erb (Duration: 61.1ms | Allocations: 5029)
Completed 200 OK in 62ms (Views: 61.5ms | MongoDB: 0.1ms | Allocations: 5381)


Started GET "/properties?search=00000&commit=Search" for 127.0.0.1 at 2023-05-10 15:16:30 -0500
Processing by PropertiesController#index as HTML
  Parameters: {"search"=>"00000", "commit"=>"Search"}
  Rendering layout layouts/application.html.erb
  Rendering properties/index.html.erb within layouts/application
MONGODB | ac-z3aj5gl-shard-00-01.itkfiuj.mongodb.net:27017 req:30 conn:1:1 sconn:16442 | main.find | STARTED | {"find"=>"properties", "filter"=>{"zipcode"=>"00000"}, "$db"=>"main", "$clusterTime"=>{"clusterTime"=>#<BSON::Timestamp:0x00007fc76a39d300 @seconds=1683749777, @increment=1>, "signature"=>{"hash"=><BSON::Binary:0x14060 type=generic data=0x9f815b735c7a...
MONGODB | ac-z3aj5gl-shard-00-01.itkfiuj.mongodb.net:27017 req:30 | main.find | SUCCEEDED | 0.047s
  Rendered properties/index.html.erb within layouts/application (Duration: 49.7ms | Allocations: 2653)
  Rendered layout layouts/application.html.erb (Duration: 53.0ms | Allocations: 5038)
Completed 200 OK in 54ms (Views: 53.4ms | MongoDB: 0.0ms | Allocations: 5391)


Started GET "/properties?search=00000&commit=Search" for 127.0.0.1 at 2023-05-10 15:17:32 -0500
Processing by PropertiesController#index as HTML
  Parameters: {"search"=>"00000", "commit"=>"Search"}
  Rendering layout layouts/application.html.erb
  Rendering properties/index.html.erb within layouts/application
MONGODB | ac-z3aj5gl-shard-00-01.itkfiuj.mongodb.net:27017 req:49 conn:1:1 sconn:16442 | main.find | STARTED | {"find"=>"properties", "filter"=>{"zipcode"=>"00000"}, "$db"=>"main", "$clusterTime"=>{"clusterTime"=>#<BSON::Timestamp:0x00007fc765a32e90 @seconds=1683749790, @increment=4>, "signature"=>{"hash"=><BSON::Binary:0x14820 type=generic data=0xc69ce069a233...
MONGODB | ac-z3aj5gl-shard-00-01.itkfiuj.mongodb.net:27017 req:49 | main.find | SUCCEEDED | 0.062s
  Rendered properties/index.html.erb within layouts/application (Duration: 65.1ms | Allocations: 2650)
  Rendered layout layouts/application.html.erb (Duration: 70.0ms | Allocations: 5037)
Completed 200 OK in 72ms (Views: 71.2ms | MongoDB: 0.1ms | Allocations: 5385)


Started GET "/properties" for 127.0.0.1 at 2023-05-10 15:17:38 -0500
Processing by PropertiesController#index as HTML
  Rendering layout layouts/application.html.erb
  Rendering properties/index.html.erb within layouts/application
MONGODB | ac-z3aj5gl-shard-00-01.itkfiuj.mongodb.net:27017 req:50 conn:1:1 sconn:16442 | main.find | STARTED | {"find"=>"properties", "filter"=>{}, "$db"=>"main", "$clusterTime"=>{"clusterTime"=>#<BSON::Timestamp:0x00007fc76b131d68 @seconds=1683749852, @increment=4>, "signature"=>{"hash"=><BSON::Binary:0x14880 type=generic data=0x8f092326c1912f80...>, "keyId"=...
MONGODB | ac-z3aj5gl-shard-00-01.itkfiuj.mongodb.net:27017 req:50 | main.find | SUCCEEDED | 0.045s
  Rendered properties/index.html.erb within layouts/application (Duration: 48.9ms | Allocations: 2641)
  Rendered layout layouts/application.html.erb (Duration: 54.3ms | Allocations: 5026)
Completed 200 OK in 57ms (Views: 55.2ms | MongoDB: 0.0ms | Allocations: 5355)


Started GET "/properties" for 127.0.0.1 at 2023-05-10 15:21:54 -0500
Processing by PropertiesController#index as HTML
  Rendering layout layouts/application.html.erb
  Rendering properties/index.html.erb within layouts/application
MONGODB | ac-z3aj5gl-shard-00-01.itkfiuj.mongodb.net:27017 req:129 conn:1:1 sconn:16442 | main.find | STARTED | {"find"=>"properties", "filter"=>{}, "$db"=>"main", "$clusterTime"=>{"clusterTime"=>#<BSON::Timestamp:0x00007fc76b15e700 @seconds=1683749858, @increment=4>, "signature"=>{"hash"=><BSON::Binary:0x18040 type=generic data=0x81151c06242d064a...>, "keyId"=...
MONGODB | ac-z3aj5gl-shard-00-01.itkfiuj.mongodb.net:27017 req:129 | main.find | SUCCEEDED | 0.056s
  Rendered properties/index.html.erb within layouts/application (Duration: 59.5ms | Allocations: 2787)
  Rendered layout layouts/application.html.erb (Duration: 65.8ms | Allocations: 5164)
Completed 200 OK in 67ms (Views: 66.3ms | MongoDB: 0.1ms | Allocations: 5493)


Started GET "/properties" for 127.0.0.1 at 2023-05-10 15:22:21 -0500
Processing by PropertiesController#index as HTML
  Rendering layout layouts/application.html.erb
  Rendering properties/index.html.erb within layouts/application
MONGODB | ac-z3aj5gl-shard-00-01.itkfiuj.mongodb.net:27017 req:139 conn:1:1 sconn:16442 | main.find | STARTED | {"find"=>"properties", "filter"=>{}, "$db"=>"main", "$clusterTime"=>{"clusterTime"=>#<BSON::Timestamp:0x00007fc76d1153c8 @seconds=1683750114, @increment=2>, "signature"=>{"hash"=><BSON::Binary:0x18460 type=generic data=0x9d48e8ede5e85c40...>, "keyId"=...
MONGODB | ac-z3aj5gl-shard-00-01.itkfiuj.mongodb.net:27017 req:139 | main.find | SUCCEEDED | 0.049s
  Rendered properties/index.html.erb within layouts/application (Duration: 51.6ms | Allocations: 2736)
  Rendered layout layouts/application.html.erb (Duration: 58.8ms | Allocations: 5116)
Completed 200 OK in 61ms (Views: 59.4ms | MongoDB: 0.0ms | Allocations: 5448)


Started GET "/properties?search=00000&commit=Search" for 127.0.0.1 at 2023-05-10 15:22:26 -0500
Processing by PropertiesController#index as HTML
  Parameters: {"search"=>"00000", "commit"=>"Search"}
  Rendering layout layouts/application.html.erb
  Rendering properties/index.html.erb within layouts/application
MONGODB | ac-z3aj5gl-shard-00-01.itkfiuj.mongodb.net:27017 req:140 conn:1:1 sconn:16442 | main.find | STARTED | {"find"=>"properties", "filter"=>{"zipcode"=>"00000"}, "$db"=>"main", "$clusterTime"=>{"clusterTime"=>#<BSON::Timestamp:0x00007fc76d1ae208 @seconds=1683750142, @increment=1>, "signature"=>{"hash"=><BSON::Binary:0x18520 type=generic data=0xc39b1f5f56bc...
MONGODB | ac-z3aj5gl-shard-00-01.itkfiuj.mongodb.net:27017 req:140 | main.find | SUCCEEDED | 0.064s
  Rendered properties/index.html.erb within layouts/application (Duration: 66.9ms | Allocations: 2696)
  Rendered layout layouts/application.html.erb (Duration: 70.9ms | Allocations: 5075)
Completed 200 OK in 73ms (Views: 71.5ms | MongoDB: 0.1ms | Allocations: 5425)


Started GET "/properties?search=&commit=Search" for 127.0.0.1 at 2023-05-10 15:22:30 -0500
Processing by PropertiesController#index as HTML
  Parameters: {"search"=>"", "commit"=>"Search"}
  Rendering layout layouts/application.html.erb
  Rendering properties/index.html.erb within layouts/application
MONGODB | ac-z3aj5gl-shard-00-01.itkfiuj.mongodb.net:27017 req:141 conn:1:1 sconn:16442 | main.find | STARTED | {"find"=>"properties", "filter"=>{}, "$db"=>"main", "$clusterTime"=>{"clusterTime"=>#<BSON::Timestamp:0x00007fc764b24020 @seconds=1683750146, @increment=2>, "signature"=>{"hash"=><BSON::Binary:0x18620 type=generic data=0x71aa9230811f5f8b...>, "keyId"=...
MONGODB | ac-z3aj5gl-shard-00-01.itkfiuj.mongodb.net:27017 req:141 | main.find | SUCCEEDED | 0.049s
  Rendered properties/index.html.erb within layouts/application (Duration: 52.1ms | Allocations: 2742)
  Rendered layout layouts/application.html.erb (Duration: 55.7ms | Allocations: 5119)
Completed 200 OK in 57ms (Views: 56.3ms | MongoDB: 0.0ms | Allocations: 5448)


